[backblue.gif]
[fade.gif]
[index.html]
[bootstraplovers.com/templates/bizwrap-v1.6/assets/img/logo-dark.png]
[bootstraplovers.com/templates/bizwrap-v1.6/assets/img/img-1.jpg]
[bootstraplovers.com/templates/bizwrap-v1.6/assets/img/img-2.jpg]
[bootstraplovers.com/templates/bizwrap-v1.6/assets/img/img-3.jpg]
[bootstraplovers.com/templates/bizwrap-v1.6/assets/img/work/work-1.jpg]
[bootstraplovers.com/templates/bizwrap-v1.6/assets/img/work/work-2.jpg]
[bootstraplovers.com/templates/bizwrap-v1.6/assets/img/work/work-3.jpg]
[bootstraplovers.com/templates/bizwrap-v1.6/assets/img/work/work-4.jpg]
[bootstraplovers.com/templates/bizwrap-v1.6/assets/img/work/work-5.jpg]
[bootstraplovers.com/templates/bizwrap-v1.6/assets/img/work/work-6.jpg]
[bootstraplovers.com/templates/bizwrap-v1.6/assets/img/ipad.png]
[bootstraplovers.com/templates/bizwrap-v1.6/assets/img/blog/blog-1.jpg]
[bootstraplovers.com/templates/bizwrap-v1.6/assets/img/blog/blog-2.jpg]
[bootstraplovers.com/templates/bizwrap-v1.6/assets/img/blog/blog-4.jpg]
[bootstraplovers.com/templates/bizwrap-v1.6/assets/img/logo-white.png]
[bootstraplovers.com/templates/bizwrap-v1.6/assets/js/jquery.min.js]
[bootstraplovers.com/templates/bizwrap-v1.6/assets/js/modernizr.custom.97074.js]
[bootstraplovers.com/templates/bizwrap-v1.6/assets/bootstrap/js/bootstrap.min.js]
[bootstraplovers.com/templates/bizwrap-v1.6/assets/js/jquery.easing.1.3.min.js]
[bootstraplovers.com/templates/bizwrap-v1.6/assets/js/jquery-migrate-1.2.1.min.js]
[bootstraplovers.com/templates/bizwrap-v1.6/assets/js/bootstrap-hover-dropdown.min.js]
[bootstraplovers.com/templates/bizwrap-v1.6/assets/js/jquery.placeholder.min.js]
[bootstraplovers.com/templates/bizwrap-v1.6/assets/js/jquery.sticky.js]
[bootstraplovers.com/templates/bizwrap-v1.6/assets/js/jquery.flexslider-min.js]
[bootstraplovers.com/templates/bizwrap-v1.6/assets/js/jquery.mixitup.min.js]
[bootstraplovers.com/templates/bizwrap-v1.6/assets/js/parallax.min.js]
[bootstraplovers.com/templates/bizwrap-v1.6/assets/js/wow.min.js]
[bootstraplovers.com/templates/bizwrap-v1.6/assets/js/app.js]
[bootstraplovers.com/templates/bizwrap-v1.6/index.html]
[bootstraplovers.com/templates/bizwrap-v1.6/assets/js/mailchimp-custom.js]
[bootstraplovers.com/templates/bizwrap-v1.6/assets/bootstrap/fonts/glyphicons-halflings-regular.eot]
[bootstraplovers.com/templates/bizwrap-v1.6/assets/bootstrap/fonts/glyphicons-halflings-regular.woff]
[bootstraplovers.com/templates/bizwrap-v1.6/assets/bootstrap/fonts/glyphicons-halflings-regulard41d.eot]
[bootstraplovers.com/templates/bizwrap-v1.6/assets/bootstrap/fonts/glyphicons-halflings-regular.ttf]
[bootstraplovers.com/templates/bizwrap-v1.6/assets/bootstrap/css/bootstrap.min.css]
[bootstraplovers.com/templates/bizwrap-v1.6/assets/icons/fonts/ionicons28b5.eot]
[bootstraplovers.com/templates/bizwrap-v1.6/assets/icons/fonts/ionicons28b5.ttf]
[bootstraplovers.com/templates/bizwrap-v1.6/assets/icons/fonts/ionicons28b5.woff]
[bootstraplovers.com/templates/bizwrap-v1.6/assets/icons/css/ionicons.css]
[bootstraplovers.com/templates/bizwrap-v1.6/assets/img/pattern.png]
[bootstraplovers.com/templates/bizwrap-v1.6/assets/img/bread-bg.png]
[bootstraplovers.com/templates/bizwrap-v1.6/assets/img/img-5.jpg]
[bootstraplovers.com/templates/bizwrap-v1.6/assets/img/img-6.jpg]
[bootstraplovers.com/templates/bizwrap-v1.6/assets/img/img-4.jpg]
[bootstraplovers.com/templates/bizwrap-v1.6/assets/css/style.css]
[bootstraplovers.com/templates/bizwrap-v1.6/assets/css/flexslider.css]
[bootstraplovers.com/templates/bizwrap-v1.6/assets/css/animate.css]
[bootstraplovers.com/templates/bizwrap-v1.6/index-2.html]
[bootstraplovers.com/templates/bizwrap-v1.6/assets/master-slider/style/blank.gif]
[bootstraplovers.com/templates/bizwrap-v1.6/assets/master-slider/js/masterslider.min.js]
[bootstraplovers.com/templates/bizwrap-v1.6/assets/js/masterslider-custom.js]
[bootstraplovers.com/templates/bizwrap-v1.6/home-master.html]
[bootstraplovers.com/templates/bizwrap-v1.6/assets/img/mackbook-pro.png]
[bootstraplovers.com/templates/bizwrap-v1.6/home-animation.html]
[bootstraplovers.com/templates/bizwrap-v1.6/home-boxed.html]
[bootstraplovers.com/templates/bizwrap-v1.6/assets/img/work/work-7.jpg]
[bootstraplovers.com/templates/bizwrap-v1.6/assets/img/work/work-8.jpg]
[bootstraplovers.com/templates/bizwrap-v1.6/portfolio.html]
[bootstraplovers.com/templates/bizwrap-v1.6/assets/img/mas-images/img-1.jpg]
[bootstraplovers.com/templates/bizwrap-v1.6/assets/img/mas-images/img-6.jpg]
[bootstraplovers.com/templates/bizwrap-v1.6/assets/img/mas-images/img-5.jpg]
[bootstraplovers.com/templates/bizwrap-v1.6/assets/img/mas-images/img-10.jpg]
[bootstraplovers.com/templates/bizwrap-v1.6/assets/img/mas-images/img-2.jpg]
[bootstraplovers.com/templates/bizwrap-v1.6/assets/img/mas-images/img-9.jpg]
[bootstraplovers.com/templates/bizwrap-v1.6/assets/img/mas-images/img-3.jpg]
[bootstraplovers.com/templates/bizwrap-v1.6/assets/img/mas-images/img-8.jpg]
[bootstraplovers.com/templates/bizwrap-v1.6/assets/img/mas-images/img-7.jpg]
[bootstraplovers.com/templates/bizwrap-v1.6/assets/img/mas-images/img-11.jpg]
[bootstraplovers.com/templates/bizwrap-v1.6/assets/js/jquery-migrate.min.js]
[bootstraplovers.com/templates/bizwrap-v1.6/assets/js/jquery.masonry.min.js]
[bootstraplovers.com/templates/bizwrap-v1.6/assets/js/masonary-custom.js]
[bootstraplovers.com/templates/bizwrap-v1.6/portfolio-masonry.html]
[bootstraplovers.com/templates/bizwrap-v1.6/assets/js/jquery.hoverdir.js]
[bootstraplovers.com/templates/bizwrap-v1.6/portfolio-full.html]
[bootstraplovers.com/templates/bizwrap-v1.6/portfolio-full-boxed.html]
[bootstraplovers.com/templates/bizwrap-v1.6/portfolio-single.html]
[bootstraplovers.com/templates/bizwrap-v1.6/assets/img/blog/blog-3.jpg]
[bootstraplovers.com/templates/bizwrap-v1.6/blog-full.html]
[bootstraplovers.com/templates/bizwrap-v1.6/blog-sidebar.html]
[bootstraplovers.com/templates/bizwrap-v1.6/assets/img/mas-images/2.jpg]
[bootstraplovers.com/templates/bizwrap-v1.6/assets/img/mas-images/1.jpg]
[bootstraplovers.com/templates/bizwrap-v1.6/blog-masonry.html]
[bootstraplovers.com/templates/bizwrap-v1.6/blog-post.html]
[bootstraplovers.com/templates/bizwrap-v1.6/typography.html]
[bootstraplovers.com/templates/bizwrap-v1.6/assets/js/sweetalert.min.js]
[bootstraplovers.com/templates/bizwrap-v1.6/assets/js/jquery.mCustomScrollbar.concat.min.js]
[bootstraplovers.com/templates/bizwrap-v1.6/shortcodes.html]
[bootstraplovers.com/templates/bizwrap-v1.6/pricing.html]
[bootstraplovers.com/templates/bizwrap-v1.6/footer-option.html]
[bootstraplovers.com/templates/bizwrap-v1.6/assets/img/team/team-1.jpg]
[bootstraplovers.com/templates/bizwrap-v1.6/assets/img/team/team-2.jpg]
[bootstraplovers.com/templates/bizwrap-v1.6/assets/img/team/team-3.jpg]
[bootstraplovers.com/templates/bizwrap-v1.6/assets/img/team/team-4.jpg]
[bootstraplovers.com/templates/bizwrap-v1.6/about.html]
[bootstraplovers.com/templates/bizwrap-v1.6/assets/js/jqBootstrapValidation.js]
[bootstraplovers.com/templates/bizwrap-v1.6/contact.html]
[bootstraplovers.com/templates/bizwrap-v1.6/assets/js/contact_me.js]
[bootstraplovers.com/templates/bizwrap-v1.6/services.html]
[bootstraplovers.com/templates/bizwrap-v1.6/our-team.html]
[bootstraplovers.com/templates/bizwrap-v1.6/login.html]
[bootstraplovers.com/templates/bizwrap-v1.6/signup.html]
[bootstraplovers.com/templates/bizwrap-v1.6/page-fullwidth.html]
[bootstraplovers.com/templates/bizwrap-v1.6/page-leftbar.html]
[bootstraplovers.com/templates/bizwrap-v1.6/page-rightbar.html]
[bootstraplovers.com/templates/bizwrap-v1.6/faqs.html]
[bootstraplovers.com/templates/bizwrap-v1.6/page-error.html]
[bootstraplovers.com/templates/bizwrap-v1.6/assets/bootstrap/fonts/glyphicons-halflings-regular.html]
[bootstraplovers.com/templates/bizwrap-v1.6/assets/bootstrap/fonts/glyphicons-halflings-regular.svg]
[bootstraplovers.com/templates/bizwrap-v1.6/assets/icons/fonts/ionicons28b5.svg]
[bootstraplovers.com/templates/bizwrap-v1.6/assets/assets/img/bread-bg.html]
[bootstraplovers.com/templates/bizwrap-v1.6/assets/fonts/flexslider-icon.html]
[bootstraplovers.com/templates/bizwrap-v1.6/assets/fonts/flexslider-icond41d.html]
[bootstraplovers.com/templates/bizwrap-v1.6/assets/fonts/flexslider-icon-2.html]
[bootstraplovers.com/templates/bizwrap-v1.6/assets/fonts/flexslider-icon-3.html]
[bootstraplovers.com/templates/bizwrap-v1.6/assets/fonts/flexslider-icon-4.html]
[bootstraplovers.com/templates/bizwrap-v1.6/assets/master-slider/style/loading-2.gif]
[bootstraplovers.com/templates/bizwrap-v1.6/assets/master-slider/style/grab.png]
[bootstraplovers.com/templates/bizwrap-v1.6/assets/master-slider/style/grabbing.png]
[bootstraplovers.com/templates/bizwrap-v1.6/assets/master-slider/style/masterslider.css]
[bootstraplovers.com/templates/bizwrap-v1.6/assets/master-slider/style/video-close-btn.png]
[bootstraplovers.com/templates/bizwrap-v1.6/assets/master-slider/skins/default/light-skin-1.png]
[bootstraplovers.com/templates/bizwrap-v1.6/assets/master-slider/skins/default/style.css]
[bootstraplovers.com/templates/bizwrap-v1.6/assets/master-slider/skins/default/light-skin-1-retina.png]
[bootstraplovers.com/templates/bizwrap-v1.6/assets/img/arrows.png]
[bootstraplovers.com/templates/bizwrap-v1.6/assets/css/master-slider-custom.css]
[bootstraplovers.com/templates/bizwrap-v1.6/assets/css/sweetalert.css]
[bootstraplovers.com/templates/bizwrap-v1.6/assets/css/jquery.mCustomScrollbar.css]
[bootstraplovers.com/templates/bizwrap-v1.6/assets/css/mCSB_buttons.html]
